18:17:43  [main] 	Initializing Control Panel
18:17:43  [main] 	Windows Version:  Home  64-bit
18:17:43  [main] 	XAMPP Version: 5.6.31
18:17:43  [main] 	Control Panel Version: 3.2.2  [ Compiled: Nov 12th 2015 ]
18:17:43  [main] 	You are not running with administrator rights! This will work for
18:17:43  [main] 	most application stuff but whenever you do something with services
18:17:43  [main] 	there will be a security dialogue or things will break! So think 
18:17:43  [main] 	about running this application with administrator rights!
18:17:43  [main] 	XAMPP Installation Directory: "c:\xampp\"
18:17:43  [main] 	Checking for prerequisites
18:17:43  [main] 	All prerequisites found
18:17:43  [main] 	Initializing Modules
18:17:43  [main] 	Starting Check-Timer
18:17:43  [main] 	Control Panel Ready
21:23:09  [main] 	Deinitializing Modules
21:23:09  [main] 	Deinitializing Control Panel

11:30:56  [main] 	Initializing Control Panel
11:30:56  [main] 	Windows Version:  Home  64-bit
11:30:56  [main] 	XAMPP Version: 5.6.31
11:30:56  [main] 	Control Panel Version: 3.2.2  [ Compiled: Nov 12th 2015 ]
11:30:56  [main] 	You are not running with administrator rights! This will work for
11:30:56  [main] 	most application stuff but whenever you do something with services
11:30:56  [main] 	there will be a security dialogue or things will break! So think 
11:30:56  [main] 	about running this application with administrator rights!
11:30:56  [main] 	XAMPP Installation Directory: "c:\xampp\"
11:30:56  [main] 	Checking for prerequisites
11:30:56  [main] 	All prerequisites found
11:30:56  [main] 	Initializing Modules
11:30:56  [main] 	Starting Check-Timer
11:30:56  [main] 	Control Panel Ready
11:32:07  [Apache] 	Attempting to start Apache app...
11:32:07  [Apache] 	Status change detected: running
11:32:10  [mysql] 	Attempting to start MySQL app...
11:32:11  [mysql] 	Status change detected: running
15:57:32  [main] 	Deinitializing Modules
15:57:32  [main] 	Deinitializing Control Panel

11:29:31  [main] 	Initializing Control Panel
11:29:31  [main] 	Windows Version:  Home  64-bit
11:29:31  [main] 	XAMPP Version: 5.6.31
11:29:31  [main] 	Control Panel Version: 3.2.2  [ Compiled: Nov 12th 2015 ]
11:29:31  [main] 	You are not running with administrator rights! This will work for
11:29:31  [main] 	most application stuff but whenever you do something with services
11:29:31  [main] 	there will be a security dialogue or things will break! So think 
11:29:31  [main] 	about running this application with administrator rights!
11:29:31  [main] 	XAMPP Installation Directory: "c:\xampp\"
11:29:31  [main] 	Checking for prerequisites
11:29:31  [main] 	All prerequisites found
11:29:31  [main] 	Initializing Modules
11:29:31  [main] 	Starting Check-Timer
11:29:31  [main] 	Control Panel Ready
11:30:02  [Apache] 	Attempting to start Apache app...
11:30:03  [Apache] 	Status change detected: running
11:30:04  [mysql] 	Attempting to start MySQL app...
11:30:04  [mysql] 	Status change detected: running
16:46:19  [Apache] 	Attempting to stop Apache (PID: 22716)
16:46:19  [Apache] 	Attempting to stop Apache (PID: 23304)
16:46:19  [Apache] 	Status change detected: stopped
16:46:20  [mysql] 	Attempting to stop MySQL app...
16:46:20  [mysql] 	Status change detected: stopped
16:47:53  [main] 	Deinitializing Modules
16:47:53  [main] 	Deinitializing Control Panel

21:40:55  [main] 	Initializing Control Panel
21:40:55  [main] 	Windows Version:  Home  64-bit
21:40:55  [main] 	XAMPP Version: 5.6.31
21:40:55  [main] 	Control Panel Version: 3.2.2  [ Compiled: Nov 12th 2015 ]
21:40:55  [main] 	You are not running with administrator rights! This will work for
21:40:55  [main] 	most application stuff but whenever you do something with services
21:40:55  [main] 	there will be a security dialogue or things will break! So think 
21:40:55  [main] 	about running this application with administrator rights!
21:40:55  [main] 	XAMPP Installation Directory: "c:\xampp\"
21:40:55  [main] 	Checking for prerequisites
21:40:55  [main] 	All prerequisites found
21:40:55  [main] 	Initializing Modules
21:40:55  [main] 	Starting Check-Timer
21:40:55  [main] 	Control Panel Ready
21:40:57  [Apache] 	Attempting to start Apache app...
21:40:58  [Apache] 	Status change detected: running
21:40:58  [mysql] 	Attempting to start MySQL app...
21:40:59  [mysql] 	Status change detected: running
22:49:41  [main] 	Deinitializing Modules
22:49:41  [main] 	Deinitializing Control Panel

12:43:02  [main] 	Initializing Control Panel
12:43:02  [main] 	Windows Version:  Home  64-bit
12:43:02  [main] 	XAMPP Version: 5.6.31
12:43:02  [main] 	Control Panel Version: 3.2.2  [ Compiled: Nov 12th 2015 ]
12:43:02  [main] 	You are not running with administrator rights! This will work for
12:43:02  [main] 	most application stuff but whenever you do something with services
12:43:02  [main] 	there will be a security dialogue or things will break! So think 
12:43:02  [main] 	about running this application with administrator rights!
12:43:02  [main] 	XAMPP Installation Directory: "c:\xampp\"
12:43:02  [main] 	Checking for prerequisites
12:43:03  [main] 	All prerequisites found
12:43:03  [main] 	Initializing Modules
12:43:03  [main] 	Starting Check-Timer
12:43:03  [main] 	Control Panel Ready
12:45:17  [Apache] 	Attempting to start Apache app...
12:45:18  [Apache] 	Status change detected: running
12:45:18  [mysql] 	Attempting to start MySQL app...
12:45:20  [mysql] 	Status change detected: running
20:44:37  [main] 	Deinitializing Modules
20:44:37  [main] 	Deinitializing Control Panel

15:11:30  [main] 	Initializing Control Panel
15:11:30  [main] 	Windows Version:  Home  64-bit
15:11:30  [main] 	XAMPP Version: 5.6.31
15:11:30  [main] 	Control Panel Version: 3.2.2  [ Compiled: Nov 12th 2015 ]
15:11:30  [main] 	You are not running with administrator rights! This will work for
15:11:30  [main] 	most application stuff but whenever you do something with services
15:11:30  [main] 	there will be a security dialogue or things will break! So think 
15:11:30  [main] 	about running this application with administrator rights!
15:11:30  [main] 	XAMPP Installation Directory: "c:\xampp\"
15:11:30  [main] 	Checking for prerequisites
15:11:30  [main] 	All prerequisites found
15:11:30  [main] 	Initializing Modules
15:11:30  [main] 	Starting Check-Timer
15:11:30  [main] 	Control Panel Ready
15:11:32  [Apache] 	Attempting to start Apache app...
15:11:32  [Apache] 	Status change detected: running
15:11:33  [mysql] 	Attempting to start MySQL app...
15:11:34  [mysql] 	Status change detected: running
20:51:17  [main] 	Deinitializing Modules
20:51:17  [main] 	Deinitializing Control Panel

12:14:24  [main] 	Initializing Control Panel
12:14:24  [main] 	Windows Version:  Home  64-bit
12:14:24  [main] 	XAMPP Version: 5.6.31
12:14:24  [main] 	Control Panel Version: 3.2.2  [ Compiled: Nov 12th 2015 ]
12:14:24  [main] 	You are not running with administrator rights! This will work for
12:14:24  [main] 	most application stuff but whenever you do something with services
12:14:24  [main] 	there will be a security dialogue or things will break! So think 
12:14:24  [main] 	about running this application with administrator rights!
12:14:24  [main] 	XAMPP Installation Directory: "c:\xampp\"
12:14:24  [main] 	Checking for prerequisites
12:14:24  [main] 	All prerequisites found
12:14:24  [main] 	Initializing Modules
12:14:24  [main] 	Starting Check-Timer
12:14:24  [main] 	Control Panel Ready
12:14:31  [Apache] 	Attempting to start Apache app...
12:14:31  [Apache] 	Status change detected: running
12:14:32  [mysql] 	Attempting to start MySQL app...
12:14:33  [mysql] 	Status change detected: running
23:09:17  [main] 	Deinitializing Modules
23:09:17  [main] 	Deinitializing Control Panel

11:00:02  [main] 	Initializing Control Panel
11:00:02  [main] 	Windows Version:  Home  64-bit
11:00:02  [main] 	XAMPP Version: 5.6.31
11:00:02  [main] 	Control Panel Version: 3.2.2  [ Compiled: Nov 12th 2015 ]
11:00:02  [main] 	You are not running with administrator rights! This will work for
11:00:02  [main] 	most application stuff but whenever you do something with services
11:00:02  [main] 	there will be a security dialogue or things will break! So think 
11:00:02  [main] 	about running this application with administrator rights!
11:00:02  [main] 	XAMPP Installation Directory: "c:\xampp\"
11:00:02  [main] 	Checking for prerequisites
11:00:03  [main] 	All prerequisites found
11:00:03  [main] 	Initializing Modules
11:00:03  [main] 	Starting Check-Timer
11:00:03  [main] 	Control Panel Ready
11:00:05  [Apache] 	Attempting to start Apache app...
11:00:06  [Apache] 	Status change detected: running
11:00:06  [mysql] 	Attempting to start MySQL app...
11:00:07  [mysql] 	Status change detected: running
20:00:19  [main] 	Deinitializing Modules
20:00:19  [main] 	Deinitializing Control Panel

20:09:12  [main] 	Initializing Control Panel
20:09:12  [main] 	Windows Version:  Home  64-bit
20:09:12  [main] 	XAMPP Version: 5.6.31
20:09:12  [main] 	Control Panel Version: 3.2.2  [ Compiled: Nov 12th 2015 ]
20:09:12  [main] 	You are not running with administrator rights! This will work for
20:09:12  [main] 	most application stuff but whenever you do something with services
20:09:12  [main] 	there will be a security dialogue or things will break! So think 
20:09:12  [main] 	about running this application with administrator rights!
20:09:12  [main] 	XAMPP Installation Directory: "c:\xampp\"
20:09:12  [main] 	Checking for prerequisites
20:09:12  [main] 	All prerequisites found
20:09:12  [main] 	Initializing Modules
20:09:12  [main] 	Starting Check-Timer
20:09:12  [main] 	Control Panel Ready
20:09:14  [Apache] 	Attempting to start Apache app...
20:09:15  [Apache] 	Status change detected: running
20:09:15  [mysql] 	Attempting to start MySQL app...
20:09:17  [mysql] 	Status change detected: running
22:10:29  [main] 	Deinitializing Modules
22:10:29  [main] 	Deinitializing Control Panel

15:10:03  [main] 	Initializing Control Panel
15:10:03  [main] 	Windows Version:  Home  64-bit
15:10:03  [main] 	XAMPP Version: 5.6.31
15:10:03  [main] 	Control Panel Version: 3.2.2  [ Compiled: Nov 12th 2015 ]
15:10:03  [main] 	You are not running with administrator rights! This will work for
15:10:03  [main] 	most application stuff but whenever you do something with services
15:10:03  [main] 	there will be a security dialogue or things will break! So think 
15:10:03  [main] 	about running this application with administrator rights!
15:10:03  [main] 	XAMPP Installation Directory: "c:\xampp\"
15:10:03  [main] 	Checking for prerequisites
15:10:03  [main] 	All prerequisites found
15:10:03  [main] 	Initializing Modules
15:10:03  [main] 	Starting Check-Timer
15:10:03  [main] 	Control Panel Ready
15:10:06  [Apache] 	Attempting to start Apache app...
15:10:06  [Apache] 	Status change detected: running
15:10:07  [mysql] 	Attempting to start MySQL app...
15:10:08  [mysql] 	Status change detected: running
2:36:23  [main] 	Deinitializing Modules
2:36:23  [main] 	Deinitializing Control Panel

18:31:10  [main] 	Initializing Control Panel
18:31:10  [main] 	Windows Version:  Home  64-bit
18:31:10  [main] 	XAMPP Version: 5.6.31
18:31:10  [main] 	Control Panel Version: 3.2.2  [ Compiled: Nov 12th 2015 ]
18:31:10  [main] 	You are not running with administrator rights! This will work for
18:31:10  [main] 	most application stuff but whenever you do something with services
18:31:10  [main] 	there will be a security dialogue or things will break! So think 
18:31:10  [main] 	about running this application with administrator rights!
18:31:10  [main] 	XAMPP Installation Directory: "c:\xampp\"
18:31:10  [main] 	Checking for prerequisites
18:31:10  [main] 	All prerequisites found
18:31:10  [main] 	Initializing Modules
18:31:10  [main] 	Starting Check-Timer
18:31:10  [main] 	Control Panel Ready
18:31:13  [Apache] 	Attempting to start Apache app...
18:31:13  [Apache] 	Status change detected: running
18:31:14  [mysql] 	Attempting to start MySQL app...
18:31:15  [mysql] 	Status change detected: running
16:17:13  [main] 	Deinitializing Modules
16:17:13  [main] 	Deinitializing Control Panel

